qwerty
123456789
123456
12345
qwerty123
1q2w3e
password
DEFAULT
12345678
1234567890
111111
qwertyuiop
1234567
1q2w3e4r5t
123123
123321
asdasd
000000
7777777
666666
qwe123
654321
555555
1q2w3e4r
zxcvbnm
123qwe
qazwsx
1qaz2wsx
asdasd123
987654321
777777
123
121212
gfhjkm
112233
1234qwer
123456a
159753
123456q
1234
asdfgh
123123123
11111111
zxcvbn
123654
q1w2e3r4t5
222222
qwe
1111111
qazwsxedc
qwert
cfreyjdf
qweqwe
ghbdtn
999999
qweasdzxc
qwer1234
88888888
0987654321
12344321
131313
159357
qwerty1
333333
12345qwert
123456789a
q1w2e3r4
12345q
marina
1234554321
samsung
stalker
asdfghjkl
987654
qweasd
11111
qwertyu
12345a
123456789q
nikita
789456
789456123
1q2w3e4r5t6y
147258369
klaster
888888
qwertyui
awsed
ia2frS
RFtgyh
iq123SRgv
1qazxsw2
iloveyou
1111111111
4815162342
sergey
1234561
qwaszx
Password
q1w2e3
