qwerty
123456789
123456
12345
qwerty123
1q2w3e
password
DEFAULT
12345678
1234567890
111111
qwertyuiop
1234567
1q2w3e4r5t
123123
123321
asdasd
000000
7777777
666666
qwe123
654321
555555
1q2w3e4r
zxcvbnm
123qwe
qazwsx
1qaz2wsx
asdasd123
987654321
777777
123
121212
gfhjkm
112233
1234qwer
123456a
159753
123456q
1234
asdfgh
123123123
11111111
zxcvbn
123654
q1w2e3r4t5
222222
qwe
1111111
qazwsxedc
qwert
cfreyjdf
qweqwe
ghbdtn
999999
qweasdzxc
qwer1234
88888888
0987654321
12344321
131313
159357
qwerty1
333333
12345qwert
123456789a
q1w2e3r4
12345q
marina
1234554321
samsung
stalker
asdfghjkl
987654
qweasd
11111
qwertyu
12345a
123456789q
nikita
789456
789456123
1q2w3e4r5t6y
147258369
klaster
888888
qwertyui
awsed
ia2frS
RFtgyh
iq123SRgv
1qazxsw2
iloveyou
1111111111
4815162342
sergey
1234561
qwaszx
Password
q1w2e3
111222
1111
qazxsw
147258
123qweasdzxc
abc123
1029384756
123qwe123
qwerty12345
00000000
55555
12341234
NULL
qqqqqq
fylhtq
andrey
12qwaszx
1qaz2wsx3edc
010203
natasha
vfhbyf
aaaaaa
11223344
123789
vfrcbv
7654321
a123456
111111a
12345678910
fktrcfylh
87654321
123qweasd
147852
yfnfif
zzzzzz
nastya
101010
232323
123456123
123654789
master
qwerty123456
098765
444444
1
999999999
142536
135790
fyfcnfcbz
9379992
qazqaz
147852369
maksim
Status
252525
102030
qwerty12
10pace
159951
cjkysirj
111
5555555
kirill
svetlana
killer
212121
741852963
asd123
cthutq
aleksandr
ruslan
serega
123456qwe
polina
zxc123
qwertyuiop123
k.
134679
qazwsx123
q1w2e3r4t5y6
kristina
124578
666999
dbrnjhbz
QWERTY
z123456
adidas
nfnmzyf
123321q
wdtnjxtr
qwert12345
a12345
123454321
852456
123458
oksana
qwer
q12345
natali
123456z
55555555
fktrctq
gjkbyjxrf
rhbcnbyf
zaqwsx
123456w
qwedcxz
spartak
vladimir
0000000
mynoob
dragon
password123
Qwerty
1q2w3e4r5
123456789z
xxx111
111222333
753951
minecraft1
1234512345
1122334455
hjvfirf
qaz123
1234567890q
456123
18atcskd2w
050383
ckjybrb
123321123
vtkmybrjd
2702na94
123abc
08mart1980
f010710
987k654
naruto
1234567q
hjvfysx
football
rulezzz
55555ol
lvbnhbq
123458.
12345E
MAXMAX
019283q
watert
dfcz33
mrak666
gimnazist
avtoplus
funtdenis
89211096722z
433243650r
790709
kola80
567zxcv
tab169829
kola91
89525523375q
rai1969
a13071993
kola82
ybrbnf
400500600a
89180710477s
404329s
kola81
kola90kola
0000000000
trfnthbyf
123098
QWERTY123
192837465
12121212
123456s
0123456789
qwertyqwerty
123456qwerty
genius
77777777
123123a
a
010101
cdtnkfyf
ifkfubyjd
qwer123
password1
456789
5555555555
1234567a
121314
UsdopaA
1234567891
123zxc
132435
696969
karina
qwerty321
qwertyuio
q123456
zaq12wsx
777
galina
19fylhtq68
qwerasdf
0000
1478963
rambler
qwerty1234
vfvjxrf
viktor
1q1q1q
dfvgbh
qawsed
pass123
123987
454545
555666
qazwsxedcrfv
090909
qwerty7
123456654321
151515
1234321
77777
321321
1323456
fuckyou
rfrfirf
adgjmptw
cjkywt
asdfghj
qazxswedc
123qwer123
741852
$HEX
hesoyam
veronika
123456k
andrei
00000
ytrewq
258456
951753
qwertyq
valera
111111111
54321
123qaz
123asd
sasha
456456
123457
vkontakte
123321a
1234qwe
qwe123qwe
12345678a
asdfghjk
123QWE123
qwertya
111111q
1234567890a
789789
ekaterina
pppppp
shadow
sobaka
love
elena
565656
dkflbvbh
forever
12345678q
12345qwe
30media
aezakmi
xxxxxx
internet
daniel
123123q
321654
123456m
ghjcnj
qweasdzxc123
1q2w3e4
ghbdtnbr
7895123
privet
123456d
159159
cxfcnmt
qwert123
monkey
12345z
22222222
777555a
15426378
valentina
ybccfy
michael
denis
asdf1234
freedom
matrix
russia
nirvana
rbhbkk
rjntyjr
zxczxc
1qa2ws3ed
larisa
qazwsxedc123
irina
906090
tdutybq
7777
katerina
200
zvezda
147896325
qqq111
jrcfyf
123451
456852
pass
knopka
100
sergei
qweqweqwe
kolobok
gjkbyf
963852741
secret
123698745
eminem
flatron
andrew
007007
zxcvb
slipknot
zk.
wwwwww
vfrcbvrf
666
princess
25802580
vfhecz
superman
rfnthbyf
9876543210
alex
defender
555
5555
s123456
asdasdasd
102938
Exigent
loveyou
alexander
14789632
dthjybrf
147369
19921992
windows
z
1a2b3c
66666666
ronaldo
12131415
qqqqqqqq
sunshine
19871987
666777
asdf
323232
mama
199
qawsedrf
QWERTYUIOP
anastasia
ivanov
asdzxc
202020
qweasd123
171717
kotenok
dima
13579
456654
0
asdfasdf
120
mnbvcxz
scorpion
rdfhnbhf
vladik
angelina
141414
223344
010
2222222
fuckoff
angel
555777
viktoria
anna
12369874
234567
romashka
220
london
198
753159
19891989
zxcvbnm123
zaq123
pokemon
a123456789
PolniyPizdec0211
210
135792468
123qwerty
vfvfgfgf
rfhbyf
computer
3333333
martin
250
31415926
19951995
moloko
crossfire
909090
123456123456
ferrari
gfhjkm123
150
olga
1q2w3e4r5t6y7u8i
aleksey
230
070707
hunter
130
ktyjxrf
911911
1q2w3e4r5t6y7u8i9o0p
123456789123
super123
110
svetik
140
asdfg
1q2w3e4r5t6y7u
123456r
12332
vfksirf
qaz
zxcasdqwe
mamapapa
zxcv1234
1123581321
toyota
080808
Qwerty123
321654987
123456aa
rhfcjnrf
microlab
11112222
gbpltw
uhfybn8888
1234567890-
12345qw
poiuytrewq
123qwer
hacker
19861986
128500
vladislav
280
vitalik
anton
deniska
7753191
heckfy
nokia
motorola
123456l
dfkthbz
123zaq
qwerasdfzxcv
99999999
19941994
a1234567
123456v
fktrcfylhf
525252
240
222333
winston
9999999
tatyana
170
liverpool
danila
nuttertools
123456p
m123456
ssssss
qwerqwer
19931993
aspirine
solnce
mersedes
123456c
zaq1xsw2
vfczyz
123qwe123qwe
445566
rammstein
180
190
98765432
160
123456789s
qwertyw
qwqwqw
kaktus
tamara
123456qw
1986
vfvekz
987456
qwertyqwe
dmitriy
1985
123789456
787878
1357924680
alexandr
963852
260
66666
mother
19911991
270
1987
789654
lovelove
lokomotiv
daniil
motherlode
robert
777888
jessica
alina
dfktynbyf
321123
ybrjkfq
19851985
789987
111qqq
barsik
787898
rctybz
qqqq
werty
admin
asasas
rfrnec
bhbirf
vfibyf
pupsik
artem
flower
zxcvbnm1
12345qwerty
789123
0123456
qwertyuiop1
q1q1q1
qwer12
arsenal
123456f
cgfhnfr
agent007
66bob
Indya123
59mile
19841984
yfnfkmz
q1w
nissan
parola
123456789987654321
19weed
1984
123456n
24crow
student
sandra
zxcv
112358
dkflbckfd
vfhufhbnf
a1b2c3
123456t
mustang
trustno1
baseball
22222
123456789qwe
ntktajy
6666666
19881988
73501505
1234562
panasonic
mercedes
59trick
z1x2c3
welcome
margarita
4444
1983
sveta
20092009
aaaa
050
8888888
rabota
silver
12345678901
135246
191919
kakashka
starwars
pantera
778899
290
020
19831983
33333333
roman
300
soccer
barcelona
abcd1234
natalia
dfkthf
11111q
7777777777
timoxa94
19901990
a1b2c3d4
999666
242424
050505
alenka
samara
bogdan
1982
030
12s3t4p55
01020304
12345s
thomas
012345
warcraft
192837
z0102030405
summer
terminator
13131313
qweewq
loveme
1a2b3c4d
jordan
diablo
koshka
3qvn5K4qgV
zaqxsw
yfcntymrf
azamat
20082008
fondoom
1234560
victoria
44444444
gegcbr
147147
qwerty11
987456321
dfcbkbq
pussy
fyutkbyf
123456b
121212a
lol123
ufkbyf
12345qaz
19751975
cfitymrf
020202
000
george
a1s2d3f4
dbrnjh
rtyuehe
Lesso161209
qwerty2
evgeniy
11235813
272727
lovely
aaaaa
q1q2q3
letmein
654123
123ewq
159357000
070
gfhjkm1
321456
26021985mm
diamond
artemka
mihail
122333
qwe321
ivanova
13243546
060
rustam
crjhgbjy
pdtplf
19961996
abcdef
19411945
creative
1981
090
040
siemens
1qaz1qaz
123123qwe
zxzxzx
123456789d
fytxrf
1000000
121
maksimka
162534
fgtkmcby
080
oleg
1234qw
Password1
nikolay
logitech
q
12345qwer
rjycnfynby
victor
123456A
12312
qwerty777
azsxdc
charlie
vjcrdf
19821982
10203040
metallica
google
k123456
milana
123456g
1988
20102010
chelsea
567890
cocacola
krasotka
235689
1989
qqqwww
321678
123455
343434
tdutybz
1980
Qwerty12
ivan
malina
avatar
bagira
anastasiya
yandex
1212
1979
svoboda
1323456789
qwert1
lolita
qwe12345
qazwsx1
123456789m
332211
qazwsx12
197
19801980
rereirf
890
jktymrf
hello
skorpion
qwedsa
asd
aaaaaaaa
aleksandra
rfcbjgtz1981
99999
pass1234
33333
kfhbcf
777555
nokia6300
898989
228228
12qw34er
zaqxswcde
123QWE
123456e
181818
1366613
1978
161616
333
zxcasd
albert
rjhjktdf
fghtkm
qqqqq
telefon
2222
a1a2a3
1z2x3c
v123456
alexandra
19971997
12345d
d123456
123456789123456789
monster
x4ivygA51F
joshua
dadada
123465
000111
zaqwsxcde
12345t
zxcasdqwe123
789789zz
2128506
azerty
262626
ghbdtn123
adgjmp
333777
zhjckfd
persik
koroleva
vfitymrf
jennifer
phone
lena
456321
nikitos
ghjcnjnfr
yamaha
sakura
tatiana
q123456789
12345654321
1977
19781978
maximus
samsung1
kostya
123567
1a2s3d4f
1qazxsw23edc
dasha
12345679
123321123321
1991
a1s2d3
poiuyt
1236987
88888
philips
z1x2c3v4
m
regina
tkbpfdtnf
michelle
sasasa
1976
12345asd
a11111
valentin
qqqqqqq
mmmmmm
ltybcrf
azsxdcfv
gfhjkmgfhjkm
4
1975
igor
assassin
pobeda
784512
lalala
batman
blink182
venera
nicole
spider
aaaaaaa
123456y
vlad
konstantin
147741
zxasqw12
1q2w3
rhjrjlbk
123456987
alinka
hitman
333666
19791979
masha
bdfyjd
angela
19811981
diana
family
777999
zzzzzzz
12345671
ghblehjr
parol
albina
12
9562876
19981998
gggggg
888777-
dgthtl
zxcvb12345
556677
Sojdlg123aljg
qazwsxedc1
1qaz2wsx3ed
123321qwe
q2w3e4r5
yfcnz
qwe12
kjkszpj
moscow
vadim
PASSWORD
030303
doctor
7894561230
545454
natalya
2
yfnfkb
Qwertyuiop
258369
orange
1244gg
america
richard
nikola
slavik
112233q
asddsa
mazafaka
123456789w
drjynfrnt
258852
1990
alexey
hjccbz
100100
zaraza
111333
fktyrf
111aaa
aaa111
12345678900
122112
369369
123456781
1z2x3c4v
1a2s3d4f5g
ijrjkfl
1974
super
mamamama
10101010
qwedsazxc
14881488
varvara
andre
asdfgh01
258258
4444444
madina
25800852
zasada
523456
02011982
172839
lineage2
313131
ffffff
000001
f
987654321q
zoloto
mar
vbkfirf
pavel
ludmila
tigger
101
987654321a
stepan
nastia
irinka
sasha123
656565
leonid
fucker
antonio
QWE123
111213
ctrhtn
19761976
gbcmrf
1232323q
000000000
andrea
9876543
9999999999
mama123
cthtuf
2005
buster
777666
000000a
qwe1asd
casper
1973
sasin414
112233a
rainbow
enigma
rfn.if
friend
david
282828
justin
8888
998877
12312312
789654123
asdf123
scooter
19731973
gbhfvblf
butterfly
stella
qweasdzxc1
6666
12356
linkinpark
kosmos
123456i
11111a
friends
prince
12qw12qw
225588
subaru
q11111
246810
123456789k
anthony
7777777a
alena
l
112233445566
310
tanya
juventus
vfvf
dddddd
moskva
elizaveta
369258147
321321321
2222222222
qwertyuiop[]
milena
legenda
n123456
!q2W3e$r
irishka
bandit
cdtnbr
l123456
060606
viktoriya
9293709b13
123450
school
dkflbr
1992
hiphop
ashley
ZXCVBNM
336699
petrov
nastena
9999
minicalibra
1234rewq
ghbywtccf
misha
23456789
dkeshfkf
123456asd
kleopatra
1q2q3q
hfytnrb
k
abrakadabra
lololo
r123456
135791
303030
i
qazwsxed
banana
1357908642
valeria
vasilisa
135798642
258963
mamochka
1qaz2ws
lenochka
03082006
minecraft
rjhjdf
1Q2W3E4R5T
twilight
sabina
usdopaa
147963
112211
09051945
fyfnjkbq
dinara
1233211
dimadima
123456789v
sterva
131
qazzaq
drakon
159
mamama
qweqwe123
123123123123
1qaz2wsx3edc4rfv
a730991
0192837465
jktxrf
1a2s3d
german
lovers
markiz
1234zxcv
artur
123456zxc
qwertyu1
katrin
201
rhjkbr
tatarin
dinamo
ghhh47hj7649
1598753
Ghjghjghj9
r9uKWcfx
nfytxrf
23232323
1234567899
juliet123
snoopy
mjs552
darkness
2004
manchester
123456Q
100500
gtnhjdbx
zxc
william
kalina
lfybbk
123456o
123q123
676767
mk2003.12
1234567z
12345123
3333
k.lvbkf
zzzxxx
chester
11111111111
q1234567
sexsex
p123456
t123456
rfhnjirf
gfcgjhn
success
stanislav
3rjs1la7qe
a111111
mariya
medved
djfisfifdsd
1231231
predator
goblin
1993
dbnfkbr
1234567890z
1995
1q2w3a4s5z
ghbrjk
chocolate
n
1Q2W3E4R
vika
a333444
kostya93
asdqwe123
asshole
134679852
363636
english
1234asdf
12345r
21212121
rhfcjnf
19741974
victory
iloveyou1
794613
vova
bdfyjdf
ser
piramida
369258
12344321q
maximka
353535
00
132456
654321a
369852
thebest
sophie
98765
vfntvfnbrf
olesya
0102030405
1972
222
892
123123123q
369963
armagedon
s
murzik
noname
123456789A
505050
999
1q2w3e4r5t6
456
&
fuck
1234509876
iriska
2000
viking
aleksei
kitten
1994
b123456
357159
qazws
3
19771977
159632
pepper
rhfcfdbwf
19721972
stasik
satana
cevthrb
cfvceyu
2002
maria
yfcntyf
odessa
lkjhgfdsa
system
olenka
mickey
123890
zzzzz
lollol
qazxsw123
214365
g123456
yjdsqgfhjkm
mylove
amanda
samson
333555
fkbyjxrf
25011990
1qa2ws
12345678900987654321
r4e3w2q1
zzzzzzzz
htubcnhfwbz
nikita123
qwert1234
989898
987987
111112
xbox360
harley
123qw
verbatim
321
Gfhjkm
giorgi
963258
rafiq3535
milashka
tokiohotel
QAZWSX
manager
50cent
dima123
qwertasdfg
TempPassWord
barselona
QWERTY1
1a2a3a
dialog
1q2q3q4q
junior
max
infiniti
dolphin
passw0rd
111000
1235789
kristi
32167
cherry
a12345678
333444
matthew
1223456
GoldenDMarlin272
ale
zyjxrf
ljxtymrf
1313
891
spiderman
pizdec
12345m
zxcv123
phoenix
ksenia
1234123
gabriel
sabrina
123456as
vjqgfhjkm
1959sa
merlin
23456
christian
sekret
987321
666666a
katya
1234566
424242
2003
Andrey
123456789n
09876543
231
sasuke
realmadrid
asdqwe
slava
159753a
123456qq
canada
gthcbr
7253497a5e31bd64
415263
kolbasa
wertyu
alexis
123454
M0unta1n
carlos
ronaldinho
123456789o
Sergey
987123
100000
patrick
1971
nik
egorka
12eqw31sw
1020304050
221
PolniyPizdec110211
1234567qwertyu
cfif
toshiba
20072007
joseph
darina
555555555
121212q
a123098
respect
1q1q1q1q
hahaha
kjrjvjnbd
SZ9kQcCTwY
25252525
12qwas
qawsedrftg
65432
123qweqwe
hfljcnm
1qaz2w
adrian
oliver
lfitymrf
tornado
1996
kfgjxrf
jaguar
bynthytn
ghjdthrf
leonardo
dennis
rhjirf
ShoutValley4
19283746
20022002
suslik
passwor
151
fyutkjxtr
lineage
dfktynby
linkin
nata
e123456
nbvjatq
bhbyf
qwerty13
757575
1qaz
monika
qwezxc
741963
jasmine
ksusha
!
rehbwf
winner
z12345
administrator
357951
123qweASD
ginger
1Q2W3E
211
1234554321a
purple
danilka
alex123
654321q
12qw12
12345w
yuliya
0987654
vvvvvv
dfytxrf
maxim
paradise
hhhhhh
shaman
lbvjxrf
a112233
789
fortuna
777333
playboy
nokia5800
141
rfntymrf
angels
abcdefg
12345k
skyline
mishka
2010
danil
tennis
444555
jonathan
kolokol
zalupa
123456789l
vjkjrj
i123456
gfhjk
741258
1234567890qwe
krolik
infinity
456987
spirit
251
1969
123456789r
1z2x3c4v5b
leavemealone
jackson
123321d
malish
kasper
159753456
123456789asd
beautiful
slayer
A123456
kazantip
power
vehpbr
basketball
ccfreyjdf
12345A
selena
123456789qw
bailey
vfndtq
1997
nataly
rfhfylfi
lollipop
superstar
j
cnfybckfd
123412
syncmaster
futyn007
12345v
t
1234567890123
1q2
44444
november
julia
987789
1970
kontakt
pjkjnj
d
rabbit
1234569
T64321T
madrid
hannah
123456qaz
132465
thunder
8675309
345678
sashka
alisa
karolina
474747
nadejda
8
qwertyasd
rjhjkm
maks
beauty
555556
3343shuovo
qazxcv
12345zxc
1a2a3a4a5a
12344321a
159753123
777777777
e10adc3949ba59abbe56e057f20f883e
winter
12345f
q123q123
general
dimon
000999
saturn
qazwsxedcrfvtgb
whatever
ranetki
grisha
fduecn
224466
qazqazqaz
vasiliy
samuel
iloveu
qwertyasdfgh
qaz123wsx
@@@@@@
popova
12121
nokia6233
vanessa
13579-
bond007
123321z
samantha
tarakan
qqwwee
qweasdzx
jnqMi9wT
145236
Fktrcfylh
zarina
5532361cnjqrf
123q123q
melissa
qwertyu123
sparta
zxasqw
edward
909954
nthvbyfnjh
123000
159263
090807
12345zxcvb
barbara
rktjgfnhf
543210
december
852852
1q2w3e4r5t6y7u8i9o
Nikita
fhntvrf
amsterdam
171
love123
scorpio
dfhdfhf
nataha
456456456
zxcasd123
swordfish
benjamin
korova
tujhrf
wdtnjr
666555
derparol
admin123
doberman
nikolai
dfcbkbcf
ntktdbpjh
marlboro
maggie
asdfzxcv
20002000
raduga
fatima
sasha1
test123
violetta
15975
rastaman
0987654321q
12345abc
aleks
sokolov
125125
asd12345
cnfkrth
pro100
112345
qwer4321
rfvfcenhf
gettherefast
963963
microsoft
zxcvb123
madonna
dasdas
12345.
01011990
roma
qwaszx12
223322
741258963
begemot
014789
zxccxz
lfybkf
street
1998
serge
11
markiza
vfcnth
ghbdtn1
rjitxrf
s12345
brandon
161
cookie
vampir
v
dimasik
qwe1234
jordan23
martini
rfgecnf
241
7896321
8123
191
12301230
passat
cvbhyjdf
hammer
4321
888
asd1234
mail.ru
taylor
1234q
zxcvbn123
djkjlz
qwe123qwe123
nokian73
12211221
aaa
147
333333333
0000001
vfhbirf
pakistan
ghjcnjq
121121
1QAZ2WSX
1231234
cristina
1968
pasha
666666666
11223344q
01011980
rfnz
p
gfgfvfvf
september
1qwerty
ericsson
zxcvbnm,./
1234abcd
lhfrjy
sergio
nastenka
181
kissme
artem123
manman12
oblivion
999000
yellow
vampire
cjytxrf
gjndjfisfifdsd
kostik
bhbyrf
gfzkmybr1987
adrenalin
remember
qwerty666
marusya
20012001
danger
123456j
Qwer1234
marsik
Marina
delete
fynjirf
a6543210
hockey
261
ghjuhfvvf
a1s2d3f4g5
elvira
vlad123
Paulie007
918273645
kavkaz
qwertyuiopa
123qwe456
a1a1a1
morgan
15052008
369852147
123459
45M2DO5BS
panzer
forest
zazaza
123456789f
130487
nokia5130
741258as
cnthdf
jkmuf
coffee
qwertyytrewq
6666666666
147896
1967
357753
dbnfkbq
igorek
qwerty77
gfynthf
cxfcnkbdfz123
petrova
rjynfrn
z1x2c3v4b5
test
123456h
mmbdpraq
mashka
